/home/dk/robotic_arm/src/robot_control/install/robot_control/lib/python3.10/site-packages/robot_control/__init__.py
/home/dk/robotic_arm/src/robot_control/install/robot_control/lib/python3.10/site-packages/robot_control/braccio_commander.py
/home/dk/robotic_arm/src/robot_control/install/robot_control/lib/python3.10/site-packages/robot_control/joint_state_republisher.py
/home/dk/robotic_arm/src/robot_control/install/robot_control/lib/python3.10/site-packages/robot_control/__pycache__/__init__.cpython-310.pyc
/home/dk/robotic_arm/src/robot_control/install/robot_control/lib/python3.10/site-packages/robot_control/__pycache__/braccio_commander.cpython-310.pyc
/home/dk/robotic_arm/src/robot_control/install/robot_control/lib/python3.10/site-packages/robot_control/__pycache__/joint_state_republisher.cpython-310.pyc
/home/dk/robotic_arm/src/robot_control/install/robot_control/share/ament_index/resource_index/packages/robot_control
/home/dk/robotic_arm/src/robot_control/install/robot_control/share/robot_control/package.xml
/home/dk/robotic_arm/src/robot_control/install/robot_control/share/robot_control/launch/braccio_gazebo_moveit.launch.py
/home/dk/robotic_arm/src/robot_control/install/robot_control/share/robot_control/launch/display.launch.py
/home/dk/robotic_arm/src/robot_control/install/robot_control/share/robot_control/config/braccio.srdf
/home/dk/robotic_arm/src/robot_control/install/robot_control/share/robot_control/config/joint_limits.yaml
/home/dk/robotic_arm/src/robot_control/install/robot_control/share/robot_control/config/moveit_controllers.yaml
/home/dk/robotic_arm/src/robot_control/install/robot_control/share/robot_control/config/kinematics.yaml
/home/dk/robotic_arm/src/robot_control/install/robot_control/share/robot_control/config/ros2_controllers.yaml
/home/dk/robotic_arm/src/robot_control/install/robot_control/share/robot_control/urdf/braccio.urdf.xacro
/home/dk/robotic_arm/src/robot_control/install/robot_control/share/robot_control/worlds/bowl.dae
/home/dk/robotic_arm/src/robot_control/install/robot_control/share/robot_control/worlds/braccio_world.world
/home/dk/robotic_arm/src/robot_control/install/robot_control/share/robot_control/stl/braccio_elbow.stl
/home/dk/robotic_arm/src/robot_control/install/robot_control/share/robot_control/stl/braccio_wrist_pitch.stl
/home/dk/robotic_arm/src/robot_control/install/robot_control/share/robot_control/stl/braccio_left_gripper.stl
/home/dk/robotic_arm/src/robot_control/install/robot_control/share/robot_control/stl/braccio_right_gripper.stl
/home/dk/robotic_arm/src/robot_control/install/robot_control/share/robot_control/stl/braccio_base.stl
/home/dk/robotic_arm/src/robot_control/install/robot_control/share/robot_control/stl/braccio_wrist_roll.stl
/home/dk/robotic_arm/src/robot_control/install/robot_control/share/robot_control/stl/braccio_shoulder.stl
/home/dk/robotic_arm/src/robot_control/install/robot_control/lib/python3.10/site-packages/robot_control-0.1.0-py3.10.egg-info/requires.txt
/home/dk/robotic_arm/src/robot_control/install/robot_control/lib/python3.10/site-packages/robot_control-0.1.0-py3.10.egg-info/dependency_links.txt
/home/dk/robotic_arm/src/robot_control/install/robot_control/lib/python3.10/site-packages/robot_control-0.1.0-py3.10.egg-info/zip-safe
/home/dk/robotic_arm/src/robot_control/install/robot_control/lib/python3.10/site-packages/robot_control-0.1.0-py3.10.egg-info/SOURCES.txt
/home/dk/robotic_arm/src/robot_control/install/robot_control/lib/python3.10/site-packages/robot_control-0.1.0-py3.10.egg-info/top_level.txt
/home/dk/robotic_arm/src/robot_control/install/robot_control/lib/python3.10/site-packages/robot_control-0.1.0-py3.10.egg-info/PKG-INFO
/home/dk/robotic_arm/src/robot_control/install/robot_control/lib/python3.10/site-packages/robot_control-0.1.0-py3.10.egg-info/entry_points.txt
/home/dk/robotic_arm/src/robot_control/install/robot_control/lib/robot_control/braccio_commander
/home/dk/robotic_arm/src/robot_control/install/robot_control/lib/robot_control/joint_state_republisher
