[0.065s] DEBUG:colcon:Command line arguments: ['/usr/bin/colcon', 'build', '--packages-select', 'robot_control', '--build-base', '/home/dk/robotic_arm/build', '--install-base', '/home/dk/robotic_arm/install', '--base-paths', '/home/dk/robotic_arm/src']
[0.065s] DEBUG:colcon:Parsed command line arguments: Namespace(log_base=None, log_level=None, verb_name='build', build_base='/home/dk/robotic_arm/build', install_base='/home/dk/robotic_arm/install', merge_install=False, symlink_install=False, test_result_base=None, continue_on_error=False, executor='parallel', parallel_workers=16, event_handlers=None, ignore_user_meta=False, metas=['./colcon.meta'], base_paths=['/home/dk/robotic_arm/src'], packages_ignore=None, packages_ignore_regex=None, paths=None, packages_up_to=None, packages_up_to_regex=None, packages_above=None, packages_above_and_dependencies=None, packages_above_depth=None, packages_select_by_dep=None, packages_skip_by_dep=None, packages_skip_up_to=None, packages_select_build_failed=False, packages_skip_build_finished=False, packages_select_test_failures=False, packages_skip_test_passed=False, packages_select=['robot_control'], packages_skip=None, packages_select_regex=None, packages_skip_regex=None, packages_start=None, packages_end=None, allow_overriding=[], cmake_args=None, cmake_target=None, cmake_target_skip_unavailable=False, cmake_clean_cache=False, cmake_clean_first=False, cmake_force_configure=False, ament_cmake_args=None, catkin_cmake_args=None, catkin_skip_building_tests=False, verb_parser=<colcon_defaults.argument_parser.defaults.DefaultArgumentsDecorator object at 0x79b6bc742590>, verb_extension=<colcon_core.verb.build.BuildVerb object at 0x79b6bc742080>, main=<bound method BuildVerb.main of <colcon_core.verb.build.BuildVerb object at 0x79b6bc742080>>)
[0.091s] Level 1:colcon.colcon_core.package_discovery:discover_packages(colcon_meta) check parameters
[0.091s] Level 1:colcon.colcon_core.package_discovery:discover_packages(recursive) check parameters
[0.091s] Level 1:colcon.colcon_core.package_discovery:discover_packages(ignore) check parameters
[0.091s] Level 1:colcon.colcon_core.package_discovery:discover_packages(path) check parameters
[0.091s] Level 1:colcon.colcon_core.package_discovery:discover_packages(recursive) discover
[0.091s] INFO:colcon.colcon_core.package_discovery:Crawling recursively for packages in '/home/dk/robotic_arm/src'
[0.091s] Level 1:colcon.colcon_core.package_identification:_identify(/home/dk/robotic_arm/src) by extensions ['ignore', 'ignore_ament_install']
[0.091s] Level 1:colcon.colcon_core.package_identification:_identify(/home/dk/robotic_arm/src) by extension 'ignore'
[0.091s] Level 1:colcon.colcon_core.package_identification:_identify(/home/dk/robotic_arm/src) by extension 'ignore_ament_install'
[0.091s] Level 1:colcon.colcon_core.package_identification:_identify(/home/dk/robotic_arm/src) by extensions ['colcon_pkg']
[0.091s] Level 1:colcon.colcon_core.package_identification:_identify(/home/dk/robotic_arm/src) by extension 'colcon_pkg'
[0.091s] Level 1:colcon.colcon_core.package_identification:_identify(/home/dk/robotic_arm/src) by extensions ['colcon_meta']
[0.091s] Level 1:colcon.colcon_core.package_identification:_identify(/home/dk/robotic_arm/src) by extension 'colcon_meta'
[0.091s] Level 1:colcon.colcon_core.package_identification:_identify(/home/dk/robotic_arm/src) by extensions ['ros']
[0.091s] Level 1:colcon.colcon_core.package_identification:_identify(/home/dk/robotic_arm/src) by extension 'ros'
[0.101s] Level 1:colcon.colcon_core.package_identification:_identify(/home/dk/robotic_arm/src) by extensions ['cmake', 'python']
[0.101s] Level 1:colcon.colcon_core.package_identification:_identify(/home/dk/robotic_arm/src) by extension 'cmake'
[0.101s] Level 1:colcon.colcon_core.package_identification:_identify(/home/dk/robotic_arm/src) by extension 'python'
[0.101s] Level 1:colcon.colcon_core.package_identification:_identify(/home/dk/robotic_arm/src) by extensions ['python_setup_py']
[0.101s] Level 1:colcon.colcon_core.package_identification:_identify(/home/dk/robotic_arm/src) by extension 'python_setup_py'
[0.101s] Level 1:colcon.colcon_core.package_identification:_identify(/home/dk/robotic_arm/src/robot_control) by extensions ['ignore', 'ignore_ament_install']
[0.101s] Level 1:colcon.colcon_core.package_identification:_identify(/home/dk/robotic_arm/src/robot_control) by extension 'ignore'
[0.102s] Level 1:colcon.colcon_core.package_identification:_identify(/home/dk/robotic_arm/src/robot_control) by extension 'ignore_ament_install'
[0.102s] Level 1:colcon.colcon_core.package_identification:_identify(/home/dk/robotic_arm/src/robot_control) by extensions ['colcon_pkg']
[0.102s] Level 1:colcon.colcon_core.package_identification:_identify(/home/dk/robotic_arm/src/robot_control) by extension 'colcon_pkg'
[0.102s] Level 1:colcon.colcon_core.package_identification:_identify(/home/dk/robotic_arm/src/robot_control) by extensions ['colcon_meta']
[0.102s] Level 1:colcon.colcon_core.package_identification:_identify(/home/dk/robotic_arm/src/robot_control) by extension 'colcon_meta'
[0.102s] Level 1:colcon.colcon_core.package_identification:_identify(/home/dk/robotic_arm/src/robot_control) by extensions ['ros']
[0.102s] Level 1:colcon.colcon_core.package_identification:_identify(/home/dk/robotic_arm/src/robot_control) by extension 'ros'
[0.103s] DEBUG:colcon.colcon_core.package_identification:Package '/home/dk/robotic_arm/src/robot_control' with type 'ros.ament_python' and name 'robot_control'
[0.103s] Level 1:colcon.colcon_core.package_discovery:discover_packages(recursive) using defaults
[0.117s] Level 1:colcon.colcon_core.package_discovery:discover_packages(prefix_path) check parameters
[0.117s] Level 1:colcon.colcon_core.package_discovery:discover_packages(prefix_path) discover
[0.117s] DEBUG:colcon.colcon_installed_package_information.package_discovery:Found 1 installed packages in /home/dk/robotic_arm/install
[0.118s] DEBUG:colcon.colcon_installed_package_information.package_discovery:Found 459 installed packages in /opt/ros/humble
[0.120s] Level 1:colcon.colcon_core.package_discovery:discover_packages(prefix_path) using defaults
[0.151s] Level 5:colcon.colcon_core.verb:set package 'robot_control' build argument 'cmake_args' from command line to 'None'
[0.151s] Level 5:colcon.colcon_core.verb:set package 'robot_control' build argument 'cmake_target' from command line to 'None'
[0.151s] Level 5:colcon.colcon_core.verb:set package 'robot_control' build argument 'cmake_target_skip_unavailable' from command line to 'False'
[0.151s] Level 5:colcon.colcon_core.verb:set package 'robot_control' build argument 'cmake_clean_cache' from command line to 'False'
[0.151s] Level 5:colcon.colcon_core.verb:set package 'robot_control' build argument 'cmake_clean_first' from command line to 'False'
[0.151s] Level 5:colcon.colcon_core.verb:set package 'robot_control' build argument 'cmake_force_configure' from command line to 'False'
[0.151s] Level 5:colcon.colcon_core.verb:set package 'robot_control' build argument 'ament_cmake_args' from command line to 'None'
[0.151s] Level 5:colcon.colcon_core.verb:set package 'robot_control' build argument 'catkin_cmake_args' from command line to 'None'
[0.151s] Level 5:colcon.colcon_core.verb:set package 'robot_control' build argument 'catkin_skip_building_tests' from command line to 'False'
[0.151s] DEBUG:colcon.colcon_core.verb:Building package 'robot_control' with the following arguments: {'ament_cmake_args': None, 'build_base': '/home/dk/robotic_arm/build/robot_control', 'catkin_cmake_args': None, 'catkin_skip_building_tests': False, 'cmake_args': None, 'cmake_clean_cache': False, 'cmake_clean_first': False, 'cmake_force_configure': False, 'cmake_target': None, 'cmake_target_skip_unavailable': False, 'install_base': '/home/dk/robotic_arm/install/robot_control', 'merge_install': False, 'path': '/home/dk/robotic_arm/src/robot_control', 'symlink_install': False, 'test_result_base': None}
[0.151s] INFO:colcon.colcon_core.executor:Executing jobs using 'parallel' executor
[0.152s] DEBUG:colcon.colcon_parallel_executor.executor.parallel:run_until_complete
[0.152s] INFO:colcon.colcon_ros.task.ament_python.build:Building ROS package in '/home/dk/robotic_arm/src/robot_control' with build type 'ament_python'
[0.152s] Level 1:colcon.colcon_core.shell:create_environment_hook('robot_control', 'ament_prefix_path')
[0.153s] INFO:colcon.colcon_core.plugin_system:Skipping extension 'colcon_core.shell.bat': Not used on non-Windows systems
[0.153s] INFO:colcon.colcon_core.shell:Creating environment hook '/home/dk/robotic_arm/install/robot_control/share/robot_control/hook/ament_prefix_path.ps1'
[0.154s] INFO:colcon.colcon_core.shell:Creating environment descriptor '/home/dk/robotic_arm/install/robot_control/share/robot_control/hook/ament_prefix_path.dsv'
[0.154s] INFO:colcon.colcon_core.shell:Creating environment hook '/home/dk/robotic_arm/install/robot_control/share/robot_control/hook/ament_prefix_path.sh'
[0.154s] INFO:colcon.colcon_core.shell:Skip shell extension 'powershell' for command environment: Not usable outside of PowerShell
[0.155s] DEBUG:colcon.colcon_core.shell:Skip shell extension 'dsv' for command environment
[0.286s] INFO:colcon.colcon_core.task.python.build:Building Python package in '/home/dk/robotic_arm/src/robot_control'
[0.286s] INFO:colcon.colcon_core.shell:Skip shell extension 'powershell' for command environment: Not usable outside of PowerShell
[0.286s] DEBUG:colcon.colcon_core.shell:Skip shell extension 'dsv' for command environment
[0.553s] DEBUG:colcon.colcon_core.event_handler.log_command:Invoking command in '/home/dk/robotic_arm/src/robot_control': PYTHONPATH=/home/dk/robotic_arm/build/robot_control/prefix_override:/usr/lib/python3/dist-packages/colcon_core/task/python/colcon_distutils_commands:/home/dk/robotic_arm/install/robot_control/lib/python3.10/site-packages:${PYTHONPATH} /usr/bin/python3 -W ignore:setup.py install is deprecated -W ignore:easy_install command is deprecated setup.py egg_info --egg-base ../../build/robot_control build --build-base /home/dk/robotic_arm/build/robot_control/build install --record /home/dk/robotic_arm/build/robot_control/install.log --single-version-externally-managed install_data
[0.783s] DEBUG:colcon.colcon_core.event_handler.log_command:Invoked command in '/home/dk/robotic_arm/src/robot_control' returned '0': PYTHONPATH=/home/dk/robotic_arm/build/robot_control/prefix_override:/usr/lib/python3/dist-packages/colcon_core/task/python/colcon_distutils_commands:/home/dk/robotic_arm/install/robot_control/lib/python3.10/site-packages:${PYTHONPATH} /usr/bin/python3 -W ignore:setup.py install is deprecated -W ignore:easy_install command is deprecated setup.py egg_info --egg-base ../../build/robot_control build --build-base /home/dk/robotic_arm/build/robot_control/build install --record /home/dk/robotic_arm/build/robot_control/install.log --single-version-externally-managed install_data
[0.785s] Level 1:colcon.colcon_core.environment:checking '/home/dk/robotic_arm/install/robot_control' for CMake module files
[0.785s] Level 1:colcon.colcon_core.environment:checking '/home/dk/robotic_arm/install/robot_control' for CMake config files
[0.785s] Level 1:colcon.colcon_core.environment:checking '/home/dk/robotic_arm/install/robot_control/lib'
[0.786s] Level 1:colcon.colcon_core.environment:checking '/home/dk/robotic_arm/install/robot_control/bin'
[0.786s] Level 1:colcon.colcon_core.environment:checking '/home/dk/robotic_arm/install/robot_control/lib/pkgconfig/robot_control.pc'
[0.786s] Level 1:colcon.colcon_core.environment:checking '/home/dk/robotic_arm/install/robot_control/lib/python3.10/site-packages'
[0.786s] Level 1:colcon.colcon_core.shell:create_environment_hook('robot_control', 'pythonpath')
[0.786s] INFO:colcon.colcon_core.shell:Creating environment hook '/home/dk/robotic_arm/install/robot_control/share/robot_control/hook/pythonpath.ps1'
[0.786s] INFO:colcon.colcon_core.shell:Creating environment descriptor '/home/dk/robotic_arm/install/robot_control/share/robot_control/hook/pythonpath.dsv'
[0.786s] INFO:colcon.colcon_core.shell:Creating environment hook '/home/dk/robotic_arm/install/robot_control/share/robot_control/hook/pythonpath.sh'
[0.787s] Level 1:colcon.colcon_core.environment:checking '/home/dk/robotic_arm/install/robot_control/bin'
[0.787s] Level 1:colcon.colcon_core.environment:create_environment_scripts_only(robot_control)
[0.787s] INFO:colcon.colcon_core.shell:Creating package script '/home/dk/robotic_arm/install/robot_control/share/robot_control/package.ps1'
[0.788s] INFO:colcon.colcon_core.shell:Creating package descriptor '/home/dk/robotic_arm/install/robot_control/share/robot_control/package.dsv'
[0.788s] INFO:colcon.colcon_core.shell:Creating package script '/home/dk/robotic_arm/install/robot_control/share/robot_control/package.sh'
[0.788s] INFO:colcon.colcon_core.shell:Creating package script '/home/dk/robotic_arm/install/robot_control/share/robot_control/package.bash'
[0.789s] INFO:colcon.colcon_core.shell:Creating package script '/home/dk/robotic_arm/install/robot_control/share/robot_control/package.zsh'
[0.789s] Level 1:colcon.colcon_core.environment:create_file_with_runtime_dependencies(/home/dk/robotic_arm/install/robot_control/share/colcon-core/packages/robot_control)
[0.790s] DEBUG:colcon.colcon_parallel_executor.executor.parallel:closing loop
[0.790s] DEBUG:colcon.colcon_parallel_executor.executor.parallel:loop closed
[0.790s] DEBUG:colcon.colcon_parallel_executor.executor.parallel:run_until_complete finished with '0'
[0.790s] DEBUG:colcon.colcon_core.event_reactor:joining thread
[0.793s] INFO:colcon.colcon_core.plugin_system:Skipping extension 'colcon_notification.desktop_notification.terminal_notifier': Not used on non-Darwin systems
[0.793s] INFO:colcon.colcon_core.plugin_system:Skipping extension 'colcon_notification.desktop_notification.win32': Not used on non-Windows systems
[0.793s] INFO:colcon.colcon_notification.desktop_notification:Sending desktop notification using 'notify2'
[0.801s] DEBUG:colcon.colcon_core.event_reactor:joined thread
[0.801s] INFO:colcon.colcon_core.shell:Creating prefix script '/home/dk/robotic_arm/install/local_setup.ps1'
[0.802s] INFO:colcon.colcon_core.shell:Creating prefix util module '/home/dk/robotic_arm/install/_local_setup_util_ps1.py'
[0.803s] INFO:colcon.colcon_core.shell:Creating prefix chain script '/home/dk/robotic_arm/install/setup.ps1'
[0.803s] INFO:colcon.colcon_core.shell:Creating prefix script '/home/dk/robotic_arm/install/local_setup.sh'
[0.804s] INFO:colcon.colcon_core.shell:Creating prefix util module '/home/dk/robotic_arm/install/_local_setup_util_sh.py'
[0.804s] INFO:colcon.colcon_core.shell:Creating prefix chain script '/home/dk/robotic_arm/install/setup.sh'
[0.805s] INFO:colcon.colcon_core.shell:Creating prefix script '/home/dk/robotic_arm/install/local_setup.bash'
[0.805s] INFO:colcon.colcon_core.shell:Creating prefix chain script '/home/dk/robotic_arm/install/setup.bash'
[0.805s] INFO:colcon.colcon_core.shell:Creating prefix script '/home/dk/robotic_arm/install/local_setup.zsh'
[0.806s] INFO:colcon.colcon_core.shell:Creating prefix chain script '/home/dk/robotic_arm/install/setup.zsh'
