[0.065s] DEBUG:colcon:Command line arguments: ['/usr/bin/colcon', 'build', '--packages-select', 'robot_control', '--base-paths', '/home/dk/robotic_arm/src']
[0.065s] DEBUG:colcon:Parsed command line arguments: Namespace(log_base=None, log_level=None, verb_name='build', build_base='build', install_base='install', merge_install=False, symlink_install=False, test_result_base=None, continue_on_error=False, executor='parallel', parallel_workers=16, event_handlers=None, ignore_user_meta=False, metas=['./colcon.meta'], base_paths=['/home/dk/robotic_arm/src'], packages_ignore=None, packages_ignore_regex=None, paths=None, packages_up_to=None, packages_up_to_regex=None, packages_above=None, packages_above_and_dependencies=None, packages_above_depth=None, packages_select_by_dep=None, packages_skip_by_dep=None, packages_skip_up_to=None, packages_select_build_failed=False, packages_skip_build_finished=False, packages_select_test_failures=False, packages_skip_test_passed=False, packages_select=['robot_control'], packages_skip=None, packages_select_regex=None, packages_skip_regex=None, packages_start=None, packages_end=None, allow_overriding=[], cmake_args=None, cmake_target=None, cmake_target_skip_unavailable=False, cmake_clean_cache=False, cmake_clean_first=False, cmake_force_configure=False, ament_cmake_args=None, catkin_cmake_args=None, catkin_skip_building_tests=False, verb_parser=<colcon_defaults.argument_parser.defaults.DefaultArgumentsDecorator object at 0x7e936be1e5c0>, verb_extension=<colcon_core.verb.build.BuildVerb object at 0x7e936be1e0b0>, main=<bound method BuildVerb.main of <colcon_core.verb.build.BuildVerb object at 0x7e936be1e0b0>>)
[0.091s] Level 1:colcon.colcon_core.package_discovery:discover_packages(colcon_meta) check parameters
[0.091s] Level 1:colcon.colcon_core.package_discovery:discover_packages(recursive) check parameters
[0.092s] Level 1:colcon.colcon_core.package_discovery:discover_packages(ignore) check parameters
[0.092s] Level 1:colcon.colcon_core.package_discovery:discover_packages(path) check parameters
[0.092s] Level 1:colcon.colcon_core.package_discovery:discover_packages(recursive) discover
[0.092s] INFO:colcon.colcon_core.package_discovery:Crawling recursively for packages in '/home/dk/robotic_arm/src'
[0.092s] Level 1:colcon.colcon_core.package_identification:_identify(/home/dk/robotic_arm/src) by extensions ['ignore', 'ignore_ament_install']
[0.092s] Level 1:colcon.colcon_core.package_identification:_identify(/home/dk/robotic_arm/src) by extension 'ignore'
[0.092s] Level 1:colcon.colcon_core.package_identification:_identify(/home/dk/robotic_arm/src) by extension 'ignore_ament_install'
[0.092s] Level 1:colcon.colcon_core.package_identification:_identify(/home/dk/robotic_arm/src) by extensions ['colcon_pkg']
[0.092s] Level 1:colcon.colcon_core.package_identification:_identify(/home/dk/robotic_arm/src) by extension 'colcon_pkg'
[0.092s] Level 1:colcon.colcon_core.package_identification:_identify(/home/dk/robotic_arm/src) by extensions ['colcon_meta']
[0.092s] Level 1:colcon.colcon_core.package_identification:_identify(/home/dk/robotic_arm/src) by extension 'colcon_meta'
[0.092s] Level 1:colcon.colcon_core.package_identification:_identify(/home/dk/robotic_arm/src) by extensions ['ros']
[0.092s] Level 1:colcon.colcon_core.package_identification:_identify(/home/dk/robotic_arm/src) by extension 'ros'
[0.102s] Level 1:colcon.colcon_core.package_identification:_identify(/home/dk/robotic_arm/src) by extensions ['cmake', 'python']
[0.102s] Level 1:colcon.colcon_core.package_identification:_identify(/home/dk/robotic_arm/src) by extension 'cmake'
[0.102s] Level 1:colcon.colcon_core.package_identification:_identify(/home/dk/robotic_arm/src) by extension 'python'
[0.102s] Level 1:colcon.colcon_core.package_identification:_identify(/home/dk/robotic_arm/src) by extensions ['python_setup_py']
[0.102s] Level 1:colcon.colcon_core.package_identification:_identify(/home/dk/robotic_arm/src) by extension 'python_setup_py'
[0.102s] Level 1:colcon.colcon_core.package_identification:_identify(/home/dk/robotic_arm/src/braccio_moveit_gazebo) by extensions ['ignore', 'ignore_ament_install']
[0.102s] Level 1:colcon.colcon_core.package_identification:_identify(/home/dk/robotic_arm/src/braccio_moveit_gazebo) by extension 'ignore'
[0.102s] Level 1:colcon.colcon_core.package_identification:_identify(/home/dk/robotic_arm/src/braccio_moveit_gazebo) by extension 'ignore_ament_install'
[0.102s] Level 1:colcon.colcon_core.package_identification:_identify(/home/dk/robotic_arm/src/braccio_moveit_gazebo) by extensions ['colcon_pkg']
[0.102s] Level 1:colcon.colcon_core.package_identification:_identify(/home/dk/robotic_arm/src/braccio_moveit_gazebo) by extension 'colcon_pkg'
[0.103s] Level 1:colcon.colcon_core.package_identification:_identify(/home/dk/robotic_arm/src/braccio_moveit_gazebo) by extensions ['colcon_meta']
[0.103s] Level 1:colcon.colcon_core.package_identification:_identify(/home/dk/robotic_arm/src/braccio_moveit_gazebo) by extension 'colcon_meta'
[0.103s] Level 1:colcon.colcon_core.package_identification:_identify(/home/dk/robotic_arm/src/braccio_moveit_gazebo) by extensions ['ros']
[0.103s] Level 1:colcon.colcon_core.package_identification:_identify(/home/dk/robotic_arm/src/braccio_moveit_gazebo) by extension 'ros'
[0.103s] Level 1:colcon.colcon_core.package_identification:_identify(/home/dk/robotic_arm/src/braccio_moveit_gazebo) by extensions ['cmake', 'python']
[0.103s] Level 1:colcon.colcon_core.package_identification:_identify(/home/dk/robotic_arm/src/braccio_moveit_gazebo) by extension 'cmake'
[0.103s] Level 1:colcon.colcon_core.package_identification:_identify(/home/dk/robotic_arm/src/braccio_moveit_gazebo) by extension 'python'
[0.103s] Level 1:colcon.colcon_core.package_identification:_identify(/home/dk/robotic_arm/src/braccio_moveit_gazebo) by extensions ['python_setup_py']
[0.103s] Level 1:colcon.colcon_core.package_identification:_identify(/home/dk/robotic_arm/src/braccio_moveit_gazebo) by extension 'python_setup_py'
[0.103s] Level 1:colcon.colcon_core.package_identification:_identify(/home/dk/robotic_arm/src/braccio_moveit_gazebo/braccio_description) by extensions ['ignore', 'ignore_ament_install']
[0.103s] Level 1:colcon.colcon_core.package_identification:_identify(/home/dk/robotic_arm/src/braccio_moveit_gazebo/braccio_description) by extension 'ignore'
[0.103s] Level 1:colcon.colcon_core.package_identification:_identify(/home/dk/robotic_arm/src/braccio_moveit_gazebo/braccio_description) by extension 'ignore_ament_install'
[0.103s] Level 1:colcon.colcon_core.package_identification:_identify(/home/dk/robotic_arm/src/braccio_moveit_gazebo/braccio_description) by extensions ['colcon_pkg']
[0.103s] Level 1:colcon.colcon_core.package_identification:_identify(/home/dk/robotic_arm/src/braccio_moveit_gazebo/braccio_description) by extension 'colcon_pkg'
[0.103s] Level 1:colcon.colcon_core.package_identification:_identify(/home/dk/robotic_arm/src/braccio_moveit_gazebo/braccio_description) by extensions ['colcon_meta']
[0.103s] Level 1:colcon.colcon_core.package_identification:_identify(/home/dk/robotic_arm/src/braccio_moveit_gazebo/braccio_description) by extension 'colcon_meta'
[0.103s] Level 1:colcon.colcon_core.package_identification:_identify(/home/dk/robotic_arm/src/braccio_moveit_gazebo/braccio_description) by extensions ['ros']
[0.103s] Level 1:colcon.colcon_core.package_identification:_identify(/home/dk/robotic_arm/src/braccio_moveit_gazebo/braccio_description) by extension 'ros'
[0.105s] DEBUG:colcon.colcon_core.package_identification:Package '/home/dk/robotic_arm/src/braccio_moveit_gazebo/braccio_description' with type 'ros.catkin' and name 'braccio_description'
[0.105s] Level 1:colcon.colcon_core.package_identification:_identify(/home/dk/robotic_arm/src/braccio_moveit_gazebo/braccio_moveit_config) by extensions ['ignore', 'ignore_ament_install']
[0.105s] Level 1:colcon.colcon_core.package_identification:_identify(/home/dk/robotic_arm/src/braccio_moveit_gazebo/braccio_moveit_config) by extension 'ignore'
[0.105s] Level 1:colcon.colcon_core.package_identification:_identify(/home/dk/robotic_arm/src/braccio_moveit_gazebo/braccio_moveit_config) by extension 'ignore_ament_install'
[0.105s] Level 1:colcon.colcon_core.package_identification:_identify(/home/dk/robotic_arm/src/braccio_moveit_gazebo/braccio_moveit_config) by extensions ['colcon_pkg']
[0.105s] Level 1:colcon.colcon_core.package_identification:_identify(/home/dk/robotic_arm/src/braccio_moveit_gazebo/braccio_moveit_config) by extension 'colcon_pkg'
[0.105s] Level 1:colcon.colcon_core.package_identification:_identify(/home/dk/robotic_arm/src/braccio_moveit_gazebo/braccio_moveit_config) by extensions ['colcon_meta']
[0.105s] Level 1:colcon.colcon_core.package_identification:_identify(/home/dk/robotic_arm/src/braccio_moveit_gazebo/braccio_moveit_config) by extension 'colcon_meta'
[0.105s] Level 1:colcon.colcon_core.package_identification:_identify(/home/dk/robotic_arm/src/braccio_moveit_gazebo/braccio_moveit_config) by extensions ['ros']
[0.105s] Level 1:colcon.colcon_core.package_identification:_identify(/home/dk/robotic_arm/src/braccio_moveit_gazebo/braccio_moveit_config) by extension 'ros'
[0.105s] DEBUG:colcon.colcon_core.package_identification:Package '/home/dk/robotic_arm/src/braccio_moveit_gazebo/braccio_moveit_config' with type 'ros.catkin' and name 'braccio_moveit_config'
[0.106s] Level 1:colcon.colcon_core.package_identification:_identify(/home/dk/robotic_arm/src/braccio_moveit_gazebo/braccio_moveit_gazebo) by extensions ['ignore', 'ignore_ament_install']
[0.106s] Level 1:colcon.colcon_core.package_identification:_identify(/home/dk/robotic_arm/src/braccio_moveit_gazebo/braccio_moveit_gazebo) by extension 'ignore'
[0.106s] Level 1:colcon.colcon_core.package_identification:_identify(/home/dk/robotic_arm/src/braccio_moveit_gazebo/braccio_moveit_gazebo) by extension 'ignore_ament_install'
[0.106s] Level 1:colcon.colcon_core.package_identification:_identify(/home/dk/robotic_arm/src/braccio_moveit_gazebo/braccio_moveit_gazebo) by extensions ['colcon_pkg']
[0.106s] Level 1:colcon.colcon_core.package_identification:_identify(/home/dk/robotic_arm/src/braccio_moveit_gazebo/braccio_moveit_gazebo) by extension 'colcon_pkg'
[0.106s] Level 1:colcon.colcon_core.package_identification:_identify(/home/dk/robotic_arm/src/braccio_moveit_gazebo/braccio_moveit_gazebo) by extensions ['colcon_meta']
[0.106s] Level 1:colcon.colcon_core.package_identification:_identify(/home/dk/robotic_arm/src/braccio_moveit_gazebo/braccio_moveit_gazebo) by extension 'colcon_meta'
[0.106s] Level 1:colcon.colcon_core.package_identification:_identify(/home/dk/robotic_arm/src/braccio_moveit_gazebo/braccio_moveit_gazebo) by extensions ['ros']
[0.106s] Level 1:colcon.colcon_core.package_identification:_identify(/home/dk/robotic_arm/src/braccio_moveit_gazebo/braccio_moveit_gazebo) by extension 'ros'
[0.106s] DEBUG:colcon.colcon_core.package_identification:Package '/home/dk/robotic_arm/src/braccio_moveit_gazebo/braccio_moveit_gazebo' with type 'ros.catkin' and name 'braccio_moveit_gazebo'
[0.107s] Level 1:colcon.colcon_core.package_identification:_identify(/home/dk/robotic_arm/src/braccio_moveit_gazebo/doc) by extensions ['ignore', 'ignore_ament_install']
[0.107s] Level 1:colcon.colcon_core.package_identification:_identify(/home/dk/robotic_arm/src/braccio_moveit_gazebo/doc) by extension 'ignore'
[0.107s] Level 1:colcon.colcon_core.package_identification:_identify(/home/dk/robotic_arm/src/braccio_moveit_gazebo/doc) by extension 'ignore_ament_install'
[0.107s] Level 1:colcon.colcon_core.package_identification:_identify(/home/dk/robotic_arm/src/braccio_moveit_gazebo/doc) by extensions ['colcon_pkg']
[0.107s] Level 1:colcon.colcon_core.package_identification:_identify(/home/dk/robotic_arm/src/braccio_moveit_gazebo/doc) by extension 'colcon_pkg'
[0.107s] Level 1:colcon.colcon_core.package_identification:_identify(/home/dk/robotic_arm/src/braccio_moveit_gazebo/doc) by extensions ['colcon_meta']
[0.107s] Level 1:colcon.colcon_core.package_identification:_identify(/home/dk/robotic_arm/src/braccio_moveit_gazebo/doc) by extension 'colcon_meta'
[0.107s] Level 1:colcon.colcon_core.package_identification:_identify(/home/dk/robotic_arm/src/braccio_moveit_gazebo/doc) by extensions ['ros']
[0.107s] Level 1:colcon.colcon_core.package_identification:_identify(/home/dk/robotic_arm/src/braccio_moveit_gazebo/doc) by extension 'ros'
[0.107s] Level 1:colcon.colcon_core.package_identification:_identify(/home/dk/robotic_arm/src/braccio_moveit_gazebo/doc) by extensions ['cmake', 'python']
[0.107s] Level 1:colcon.colcon_core.package_identification:_identify(/home/dk/robotic_arm/src/braccio_moveit_gazebo/doc) by extension 'cmake'
[0.107s] Level 1:colcon.colcon_core.package_identification:_identify(/home/dk/robotic_arm/src/braccio_moveit_gazebo/doc) by extension 'python'
[0.107s] Level 1:colcon.colcon_core.package_identification:_identify(/home/dk/robotic_arm/src/braccio_moveit_gazebo/doc) by extensions ['python_setup_py']
[0.107s] Level 1:colcon.colcon_core.package_identification:_identify(/home/dk/robotic_arm/src/braccio_moveit_gazebo/doc) by extension 'python_setup_py'
[0.107s] Level 1:colcon.colcon_core.package_identification:_identify(/home/dk/robotic_arm/src/robot_control) by extensions ['ignore', 'ignore_ament_install']
[0.107s] Level 1:colcon.colcon_core.package_identification:_identify(/home/dk/robotic_arm/src/robot_control) by extension 'ignore'
[0.107s] Level 1:colcon.colcon_core.package_identification:_identify(/home/dk/robotic_arm/src/robot_control) by extension 'ignore_ament_install'
[0.107s] Level 1:colcon.colcon_core.package_identification:_identify(/home/dk/robotic_arm/src/robot_control) by extensions ['colcon_pkg']
[0.107s] Level 1:colcon.colcon_core.package_identification:_identify(/home/dk/robotic_arm/src/robot_control) by extension 'colcon_pkg'
[0.107s] Level 1:colcon.colcon_core.package_identification:_identify(/home/dk/robotic_arm/src/robot_control) by extensions ['colcon_meta']
[0.107s] Level 1:colcon.colcon_core.package_identification:_identify(/home/dk/robotic_arm/src/robot_control) by extension 'colcon_meta'
[0.107s] Level 1:colcon.colcon_core.package_identification:_identify(/home/dk/robotic_arm/src/robot_control) by extensions ['ros']
[0.107s] Level 1:colcon.colcon_core.package_identification:_identify(/home/dk/robotic_arm/src/robot_control) by extension 'ros'
[0.108s] DEBUG:colcon.colcon_core.package_identification:Package '/home/dk/robotic_arm/src/robot_control' with type 'ros.ament_python' and name 'robot_control'
[0.108s] Level 1:colcon.colcon_core.package_discovery:discover_packages(recursive) using defaults
[0.121s] INFO:colcon.colcon_core.package_selection:Skipping not selected package 'braccio_description' in '/home/dk/robotic_arm/src/braccio_moveit_gazebo/braccio_description'
[0.121s] INFO:colcon.colcon_core.package_selection:Skipping not selected package 'braccio_moveit_gazebo' in '/home/dk/robotic_arm/src/braccio_moveit_gazebo/braccio_moveit_gazebo'
[0.121s] INFO:colcon.colcon_core.package_selection:Skipping not selected package 'braccio_moveit_config' in '/home/dk/robotic_arm/src/braccio_moveit_gazebo/braccio_moveit_config'
[0.121s] Level 1:colcon.colcon_core.package_discovery:discover_packages(prefix_path) check parameters
[0.121s] Level 1:colcon.colcon_core.package_discovery:discover_packages(prefix_path) discover
[0.122s] DEBUG:colcon.colcon_installed_package_information.package_discovery:Found 1 installed packages in /home/dk/robotic_arm/install
[0.123s] DEBUG:colcon.colcon_installed_package_information.package_discovery:Found 459 installed packages in /opt/ros/humble
[0.125s] Level 1:colcon.colcon_core.package_discovery:discover_packages(prefix_path) using defaults
[0.156s] Level 5:colcon.colcon_core.verb:set package 'robot_control' build argument 'cmake_args' from command line to 'None'
[0.156s] Level 5:colcon.colcon_core.verb:set package 'robot_control' build argument 'cmake_target' from command line to 'None'
[0.156s] Level 5:colcon.colcon_core.verb:set package 'robot_control' build argument 'cmake_target_skip_unavailable' from command line to 'False'
[0.156s] Level 5:colcon.colcon_core.verb:set package 'robot_control' build argument 'cmake_clean_cache' from command line to 'False'
[0.156s] Level 5:colcon.colcon_core.verb:set package 'robot_control' build argument 'cmake_clean_first' from command line to 'False'
[0.156s] Level 5:colcon.colcon_core.verb:set package 'robot_control' build argument 'cmake_force_configure' from command line to 'False'
[0.156s] Level 5:colcon.colcon_core.verb:set package 'robot_control' build argument 'ament_cmake_args' from command line to 'None'
[0.156s] Level 5:colcon.colcon_core.verb:set package 'robot_control' build argument 'catkin_cmake_args' from command line to 'None'
[0.156s] Level 5:colcon.colcon_core.verb:set package 'robot_control' build argument 'catkin_skip_building_tests' from command line to 'False'
[0.156s] DEBUG:colcon.colcon_core.verb:Building package 'robot_control' with the following arguments: {'ament_cmake_args': None, 'build_base': '/home/dk/robotic_arm/src/robot_control/build/robot_control', 'catkin_cmake_args': None, 'catkin_skip_building_tests': False, 'cmake_args': None, 'cmake_clean_cache': False, 'cmake_clean_first': False, 'cmake_force_configure': False, 'cmake_target': None, 'cmake_target_skip_unavailable': False, 'install_base': '/home/dk/robotic_arm/src/robot_control/install/robot_control', 'merge_install': False, 'path': '/home/dk/robotic_arm/src/robot_control', 'symlink_install': False, 'test_result_base': None}
[0.156s] INFO:colcon.colcon_core.executor:Executing jobs using 'parallel' executor
[0.157s] DEBUG:colcon.colcon_parallel_executor.executor.parallel:run_until_complete
[0.157s] INFO:colcon.colcon_ros.task.ament_python.build:Building ROS package in '/home/dk/robotic_arm/src/robot_control' with build type 'ament_python'
[0.157s] Level 1:colcon.colcon_core.shell:create_environment_hook('robot_control', 'ament_prefix_path')
[0.158s] INFO:colcon.colcon_core.plugin_system:Skipping extension 'colcon_core.shell.bat': Not used on non-Windows systems
[0.158s] INFO:colcon.colcon_core.shell:Creating environment hook '/home/dk/robotic_arm/src/robot_control/install/robot_control/share/robot_control/hook/ament_prefix_path.ps1'
[0.159s] INFO:colcon.colcon_core.shell:Creating environment descriptor '/home/dk/robotic_arm/src/robot_control/install/robot_control/share/robot_control/hook/ament_prefix_path.dsv'
[0.159s] INFO:colcon.colcon_core.shell:Creating environment hook '/home/dk/robotic_arm/src/robot_control/install/robot_control/share/robot_control/hook/ament_prefix_path.sh'
[0.159s] INFO:colcon.colcon_core.shell:Skip shell extension 'powershell' for command environment: Not usable outside of PowerShell
[0.159s] DEBUG:colcon.colcon_core.shell:Skip shell extension 'dsv' for command environment
[0.297s] INFO:colcon.colcon_core.task.python.build:Building Python package in '/home/dk/robotic_arm/src/robot_control'
[0.297s] INFO:colcon.colcon_core.shell:Skip shell extension 'powershell' for command environment: Not usable outside of PowerShell
[0.297s] DEBUG:colcon.colcon_core.shell:Skip shell extension 'dsv' for command environment
[0.559s] DEBUG:colcon.colcon_core.event_handler.log_command:Invoking command in '/home/dk/robotic_arm/src/robot_control': PYTHONPATH=/home/dk/robotic_arm/src/robot_control/build/robot_control/prefix_override:/usr/lib/python3/dist-packages/colcon_core/task/python/colcon_distutils_commands:/home/dk/robotic_arm/src/robot_control/install/robot_control/lib/python3.10/site-packages:${PYTHONPATH} /usr/bin/python3 -W ignore:setup.py install is deprecated -W ignore:easy_install command is deprecated setup.py egg_info --egg-base build/robot_control build --build-base /home/dk/robotic_arm/src/robot_control/build/robot_control/build install --record /home/dk/robotic_arm/src/robot_control/build/robot_control/install.log --single-version-externally-managed install_data
[0.790s] DEBUG:colcon.colcon_core.event_handler.log_command:Invoked command in '/home/dk/robotic_arm/src/robot_control' returned '0': PYTHONPATH=/home/dk/robotic_arm/src/robot_control/build/robot_control/prefix_override:/usr/lib/python3/dist-packages/colcon_core/task/python/colcon_distutils_commands:/home/dk/robotic_arm/src/robot_control/install/robot_control/lib/python3.10/site-packages:${PYTHONPATH} /usr/bin/python3 -W ignore:setup.py install is deprecated -W ignore:easy_install command is deprecated setup.py egg_info --egg-base build/robot_control build --build-base /home/dk/robotic_arm/src/robot_control/build/robot_control/build install --record /home/dk/robotic_arm/src/robot_control/build/robot_control/install.log --single-version-externally-managed install_data
[0.791s] Level 1:colcon.colcon_core.environment:checking '/home/dk/robotic_arm/src/robot_control/install/robot_control' for CMake module files
[0.792s] Level 1:colcon.colcon_core.environment:checking '/home/dk/robotic_arm/src/robot_control/install/robot_control' for CMake config files
[0.792s] Level 1:colcon.colcon_core.environment:checking '/home/dk/robotic_arm/src/robot_control/install/robot_control/lib'
[0.792s] Level 1:colcon.colcon_core.environment:checking '/home/dk/robotic_arm/src/robot_control/install/robot_control/bin'
[0.792s] Level 1:colcon.colcon_core.environment:checking '/home/dk/robotic_arm/src/robot_control/install/robot_control/lib/pkgconfig/robot_control.pc'
[0.792s] Level 1:colcon.colcon_core.environment:checking '/home/dk/robotic_arm/src/robot_control/install/robot_control/lib/python3.10/site-packages'
[0.792s] Level 1:colcon.colcon_core.shell:create_environment_hook('robot_control', 'pythonpath')
[0.793s] INFO:colcon.colcon_core.shell:Creating environment hook '/home/dk/robotic_arm/src/robot_control/install/robot_control/share/robot_control/hook/pythonpath.ps1'
[0.793s] INFO:colcon.colcon_core.shell:Creating environment descriptor '/home/dk/robotic_arm/src/robot_control/install/robot_control/share/robot_control/hook/pythonpath.dsv'
[0.793s] INFO:colcon.colcon_core.shell:Creating environment hook '/home/dk/robotic_arm/src/robot_control/install/robot_control/share/robot_control/hook/pythonpath.sh'
[0.794s] Level 1:colcon.colcon_core.environment:checking '/home/dk/robotic_arm/src/robot_control/install/robot_control/bin'
[0.794s] Level 1:colcon.colcon_core.environment:create_environment_scripts_only(robot_control)
[0.794s] INFO:colcon.colcon_core.shell:Creating package script '/home/dk/robotic_arm/src/robot_control/install/robot_control/share/robot_control/package.ps1'
[0.794s] INFO:colcon.colcon_core.shell:Creating package descriptor '/home/dk/robotic_arm/src/robot_control/install/robot_control/share/robot_control/package.dsv'
[0.795s] INFO:colcon.colcon_core.shell:Creating package script '/home/dk/robotic_arm/src/robot_control/install/robot_control/share/robot_control/package.sh'
[0.795s] INFO:colcon.colcon_core.shell:Creating package script '/home/dk/robotic_arm/src/robot_control/install/robot_control/share/robot_control/package.bash'
[0.795s] INFO:colcon.colcon_core.shell:Creating package script '/home/dk/robotic_arm/src/robot_control/install/robot_control/share/robot_control/package.zsh'
[0.796s] Level 1:colcon.colcon_core.environment:create_file_with_runtime_dependencies(/home/dk/robotic_arm/src/robot_control/install/robot_control/share/colcon-core/packages/robot_control)
[0.796s] DEBUG:colcon.colcon_parallel_executor.executor.parallel:closing loop
[0.796s] DEBUG:colcon.colcon_parallel_executor.executor.parallel:loop closed
[0.796s] DEBUG:colcon.colcon_parallel_executor.executor.parallel:run_until_complete finished with '0'
[0.796s] DEBUG:colcon.colcon_core.event_reactor:joining thread
[0.800s] INFO:colcon.colcon_core.plugin_system:Skipping extension 'colcon_notification.desktop_notification.terminal_notifier': Not used on non-Darwin systems
[0.800s] INFO:colcon.colcon_core.plugin_system:Skipping extension 'colcon_notification.desktop_notification.win32': Not used on non-Windows systems
[0.800s] INFO:colcon.colcon_notification.desktop_notification:Sending desktop notification using 'notify2'
[0.807s] DEBUG:colcon.colcon_core.event_reactor:joined thread
[0.808s] INFO:colcon.colcon_core.shell:Creating prefix script '/home/dk/robotic_arm/src/robot_control/install/local_setup.ps1'
[0.808s] INFO:colcon.colcon_core.shell:Creating prefix util module '/home/dk/robotic_arm/src/robot_control/install/_local_setup_util_ps1.py'
[0.809s] INFO:colcon.colcon_core.shell:Creating prefix chain script '/home/dk/robotic_arm/src/robot_control/install/setup.ps1'
[0.810s] INFO:colcon.colcon_core.shell:Creating prefix script '/home/dk/robotic_arm/src/robot_control/install/local_setup.sh'
[0.810s] INFO:colcon.colcon_core.shell:Creating prefix util module '/home/dk/robotic_arm/src/robot_control/install/_local_setup_util_sh.py'
[0.810s] INFO:colcon.colcon_core.shell:Creating prefix chain script '/home/dk/robotic_arm/src/robot_control/install/setup.sh'
[0.811s] INFO:colcon.colcon_core.shell:Creating prefix script '/home/dk/robotic_arm/src/robot_control/install/local_setup.bash'
[0.811s] INFO:colcon.colcon_core.shell:Creating prefix chain script '/home/dk/robotic_arm/src/robot_control/install/setup.bash'
[0.812s] INFO:colcon.colcon_core.shell:Creating prefix script '/home/dk/robotic_arm/src/robot_control/install/local_setup.zsh'
[0.812s] INFO:colcon.colcon_core.shell:Creating prefix chain script '/home/dk/robotic_arm/src/robot_control/install/setup.zsh'
