running egg_info
writing build/robot_control/robot_control.egg-info/PKG-INFO
writing dependency_links to build/robot_control/robot_control.egg-info/dependency_links.txt
writing entry points to build/robot_control/robot_control.egg-info/entry_points.txt
writing requirements to build/robot_control/robot_control.egg-info/requires.txt
writing top-level names to build/robot_control/robot_control.egg-info/top_level.txt
reading manifest file 'build/robot_control/robot_control.egg-info/SOURCES.txt'
adding license file 'LICENSE'
writing manifest file 'build/robot_control/robot_control.egg-info/SOURCES.txt'
running build
running build_py
copying robot_control/__init__.py -> /home/dk/robotic_arm/src/robot_control/build/robot_control/build/lib/robot_control
copying robot_control/braccio_commander.py -> /home/dk/robotic_arm/src/robot_control/build/robot_control/build/lib/robot_control
copying robot_control/joint_state_republisher.py -> /home/dk/robotic_arm/src/robot_control/build/robot_control/build/lib/robot_control
running install
running install_lib
running install_data
copying resource/robot_control -> /home/dk/robotic_arm/src/robot_control/install/robot_control/share/ament_index/resource_index/packages
copying package.xml -> /home/dk/robotic_arm/src/robot_control/install/robot_control/share/robot_control
copying launch/braccio_gazebo_moveit.launch.py -> /home/dk/robotic_arm/src/robot_control/install/robot_control/share/robot_control/launch
copying launch/display.launch.py -> /home/dk/robotic_arm/src/robot_control/install/robot_control/share/robot_control/launch
copying config/braccio.srdf -> /home/dk/robotic_arm/src/robot_control/install/robot_control/share/robot_control/config
copying config/joint_limits.yaml -> /home/dk/robotic_arm/src/robot_control/install/robot_control/share/robot_control/config
copying config/moveit_controllers.yaml -> /home/dk/robotic_arm/src/robot_control/install/robot_control/share/robot_control/config
copying config/kinematics.yaml -> /home/dk/robotic_arm/src/robot_control/install/robot_control/share/robot_control/config
copying config/ros2_controllers.yaml -> /home/dk/robotic_arm/src/robot_control/install/robot_control/share/robot_control/config
copying urdf/braccio.urdf.xacro -> /home/dk/robotic_arm/src/robot_control/install/robot_control/share/robot_control/urdf
copying worlds/bowl.dae -> /home/dk/robotic_arm/src/robot_control/install/robot_control/share/robot_control/worlds
copying worlds/braccio_world.world -> /home/dk/robotic_arm/src/robot_control/install/robot_control/share/robot_control/worlds
copying stl/braccio_elbow.stl -> /home/dk/robotic_arm/src/robot_control/install/robot_control/share/robot_control/stl
copying stl/braccio_wrist_pitch.stl -> /home/dk/robotic_arm/src/robot_control/install/robot_control/share/robot_control/stl
copying stl/braccio_left_gripper.stl -> /home/dk/robotic_arm/src/robot_control/install/robot_control/share/robot_control/stl
copying stl/braccio_right_gripper.stl -> /home/dk/robotic_arm/src/robot_control/install/robot_control/share/robot_control/stl
copying stl/braccio_base.stl -> /home/dk/robotic_arm/src/robot_control/install/robot_control/share/robot_control/stl
copying stl/braccio_wrist_roll.stl -> /home/dk/robotic_arm/src/robot_control/install/robot_control/share/robot_control/stl
copying stl/braccio_shoulder.stl -> /home/dk/robotic_arm/src/robot_control/install/robot_control/share/robot_control/stl
running install_egg_info
removing '/home/dk/robotic_arm/src/robot_control/install/robot_control/lib/python3.10/site-packages/robot_control-0.1.0-py3.10.egg-info' (and everything under it)
Copying build/robot_control/robot_control.egg-info to /home/dk/robotic_arm/src/robot_control/install/robot_control/lib/python3.10/site-packages/robot_control-0.1.0-py3.10.egg-info
running install_scripts
Installing braccio_commander script to /home/dk/robotic_arm/src/robot_control/install/robot_control/lib/robot_control
Installing joint_state_republisher script to /home/dk/robotic_arm/src/robot_control/install/robot_control/lib/robot_control
writing list of installed files to '/home/dk/robotic_arm/src/robot_control/build/robot_control/install.log'
